1629115105.378647 client started (9436): version 3.0a, socket /tmp//tmux-1001/default, protocol 8
1629115105.378703 on Linux 5.4.0-81-generic #91-Ubuntu SMP Thu Jul 15 19:09:17 UTC 2021; libevent 2.1.11-stable (poll)
1629115105.378748 socket is /tmp//tmux-1001/default
1629115105.378778 trying connect
1629115105.378813 connect failed: No such file or directory
1629115105.378835 lock file is /tmp//tmux-1001/default.lock
1629115105.378868 flock succeeded
1629115105.378878 got lock (6)
1629115105.378892 trying connect
1629115105.378913 connect failed: No such file or directory
1629115105.379291 add peer 0x5621651ed360: 7 ((nil))
1629115105.379619 sending message 100 to peer 0x5621651ed360 (4 bytes)
1629115105.379639 sending message 101 to peer 0x5621651ed360 (15 bytes)
1629115105.379651 sending message 102 to peer 0x5621651ed360 (11 bytes)
1629115105.379683 sending message 108 to peer 0x5621651ed360 (29 bytes)
1629115105.379697 sending message 104 to peer 0x5621651ed360 (0 bytes)
1629115105.379710 sending message 107 to peer 0x5621651ed360 (4 bytes)
1629115105.379720 sending message 105 to peer 0x5621651ed360 (16 bytes)
1629115105.379731 sending message 105 to peer 0x5621651ed360 (108 bytes)
1629115105.379742 sending message 105 to peer 0x5621651ed360 (19 bytes)
1629115105.379752 sending message 105 to peer 0x5621651ed360 (20 bytes)
1629115105.379763 sending message 105 to peer 0x5621651ed360 (45 bytes)
1629115105.379773 sending message 105 to peer 0x5621651ed360 (23 bytes)
1629115105.379783 sending message 105 to peer 0x5621651ed360 (44 bytes)
1629115105.379793 sending message 105 to peer 0x5621651ed360 (45 bytes)
1629115105.379803 sending message 105 to peer 0x5621651ed360 (32 bytes)
1629115105.379813 sending message 105 to peer 0x5621651ed360 (41 bytes)
1629115105.379823 sending message 105 to peer 0x5621651ed360 (62 bytes)
1629115105.379833 sending message 105 to peer 0x5621651ed360 (20 bytes)
1629115105.379843 sending message 105 to peer 0x5621651ed360 (23 bytes)
1629115105.379852 sending message 105 to peer 0x5621651ed360 (19 bytes)
1629115105.379862 sending message 105 to peer 0x5621651ed360 (28 bytes)
1629115105.379872 sending message 105 to peer 0x5621651ed360 (33 bytes)
1629115105.379882 sending message 105 to peer 0x5621651ed360 (15 bytes)
1629115105.379892 sending message 105 to peer 0x5621651ed360 (27 bytes)
1629115105.379901 sending message 105 to peer 0x5621651ed360 (21 bytes)
1629115105.379911 sending message 105 to peer 0x5621651ed360 (52 bytes)
1629115105.379921 sending message 105 to peer 0x5621651ed360 (41 bytes)
1629115105.379931 sending message 105 to peer 0x5621651ed360 (13 bytes)
1629115105.379964 sending message 105 to peer 0x5621651ed360 (18 bytes)
1629115105.379976 sending message 105 to peer 0x5621651ed360 (16 bytes)
1629115105.379986 sending message 105 to peer 0x5621651ed360 (18 bytes)
1629115105.379997 sending message 105 to peer 0x5621651ed360 (17 bytes)
1629115105.380008 sending message 105 to peer 0x5621651ed360 (1506 bytes)
1629115105.380021 sending message 105 to peer 0x5621651ed360 (33 bytes)
1629115105.380031 sending message 105 to peer 0x5621651ed360 (17 bytes)
1629115105.380042 sending message 105 to peer 0x5621651ed360 (47 bytes)
1629115105.380052 sending message 105 to peer 0x5621651ed360 (76 bytes)
1629115105.380062 sending message 105 to peer 0x5621651ed360 (16 bytes)
1629115105.380072 sending message 105 to peer 0x5621651ed360 (34 bytes)
1629115105.380082 sending message 105 to peer 0x5621651ed360 (23 bytes)
1629115105.380092 sending message 105 to peer 0x5621651ed360 (20 bytes)
1629115105.380102 sending message 105 to peer 0x5621651ed360 (32 bytes)
1629115105.380112 sending message 105 to peer 0x5621651ed360 (35 bytes)
1629115105.380122 sending message 105 to peer 0x5621651ed360 (12 bytes)
1629115105.380132 sending message 105 to peer 0x5621651ed360 (11 bytes)
1629115105.380142 sending message 105 to peer 0x5621651ed360 (8 bytes)
1629115105.380152 sending message 105 to peer 0x5621651ed360 (18 bytes)
1629115105.380162 sending message 105 to peer 0x5621651ed360 (31 bytes)
1629115105.380173 sending message 105 to peer 0x5621651ed360 (23 bytes)
1629115105.380200 sending message 105 to peer 0x5621651ed360 (85 bytes)
1629115105.380212 sending message 105 to peer 0x5621651ed360 (128 bytes)
1629115105.380222 sending message 105 to peer 0x5621651ed360 (18 bytes)
1629115105.380233 sending message 105 to peer 0x5621651ed360 (54 bytes)
1629115105.380243 sending message 105 to peer 0x5621651ed360 (35 bytes)
1629115105.380254 sending message 105 to peer 0x5621651ed360 (16 bytes)
1629115105.380264 sending message 106 to peer 0x5621651ed360 (0 bytes)
1629115105.380275 sending message 200 to peer 0x5621651ed360 (4 bytes)
1629115105.380285 client loop enter
1629115105.425338 peer 0x5621651ed360 message 207
1629115105.425347 sending message 208 to peer 0x5621651ed360 (0 bytes)
1629115107.168326 peer 0x5621651ed360 message 203
1629115107.168360 sending message 205 to peer 0x5621651ed360 (0 bytes)
1629115107.169128 peer 0x5621651ed360 message 204
1629115107.169167 client loop exit
