1650887274.153642 client started (58879): version next-3.4, socket /tmp/tmux-1001/default, protocol 8
1650887274.153684 on Linux 5.4.0-109-generic #123-Ubuntu SMP Fri Apr 8 09:10:54 UTC 2022
1650887274.153699 using libevent 2.1.11-stable (poll); ncurses 6.2
1650887274.153734 flags are 0x10010000
1650887274.153742 socket is /tmp/tmux-1001/default
1650887274.153767 trying connect
1650887274.153889 add peer 0x559f610ea050: 6 ((nil))
1650887274.154476 sending message 100 to peer 0x559f610ea050 (4 bytes)
1650887274.154494 sending message 111 to peer 0x559f610ea050 (8 bytes)
1650887274.154503 sending message 101 to peer 0x559f610ea050 (15 bytes)
1650887274.154511 sending message 109 to peer 0x559f610ea050 (4 bytes)
1650887274.154518 sending message 102 to peer 0x559f610ea050 (11 bytes)
1650887274.154526 sending message 108 to peer 0x559f610ea050 (32 bytes)
1650887274.154534 sending message 112 to peer 0x559f610ea050 (58 bytes)
1650887274.154542 sending message 112 to peer 0x559f610ea050 (5 bytes)
1650887274.154550 sending message 112 to peer 0x559f610ea050 (5 bytes)
1650887274.154558 sending message 112 to peer 0x559f610ea050 (6 bytes)
1650887274.154565 sending message 112 to peer 0x559f610ea050 (6 bytes)
1650887274.154573 sending message 112 to peer 0x559f610ea050 (11 bytes)
1650887274.154580 sending message 112 to peer 0x559f610ea050 (10 bytes)
1650887274.154587 sending message 112 to peer 0x559f610ea050 (13 bytes)
1650887274.154595 sending message 112 to peer 0x559f610ea050 (14 bytes)
1650887274.154602 sending message 112 to peer 0x559f610ea050 (19 bytes)
1650887274.154609 sending message 112 to peer 0x559f610ea050 (11 bytes)
1650887274.154617 sending message 112 to peer 0x559f610ea050 (10 bytes)
1650887274.154624 sending message 112 to peer 0x559f610ea050 (15 bytes)
1650887274.154632 sending message 112 to peer 0x559f610ea050 (21 bytes)
1650887274.154639 sending message 112 to peer 0x559f610ea050 (13 bytes)
1650887274.154646 sending message 112 to peer 0x559f610ea050 (7 bytes)
1650887274.154654 sending message 112 to peer 0x559f610ea050 (13 bytes)
1650887274.154662 sending message 112 to peer 0x559f610ea050 (7 bytes)
1650887274.154669 sending message 112 to peer 0x559f610ea050 (13 bytes)
1650887274.154677 sending message 112 to peer 0x559f610ea050 (9 bytes)
1650887274.154684 sending message 112 to peer 0x559f610ea050 (21 bytes)
1650887274.154692 sending message 112 to peer 0x559f610ea050 (13 bytes)
1650887274.154699 sending message 112 to peer 0x559f610ea050 (9 bytes)
1650887274.154707 sending message 112 to peer 0x559f610ea050 (16 bytes)
1650887274.154714 sending message 112 to peer 0x559f610ea050 (13 bytes)
1650887274.154721 sending message 112 to peer 0x559f610ea050 (9 bytes)
1650887274.154729 sending message 112 to peer 0x559f610ea050 (9 bytes)
1650887274.154736 sending message 112 to peer 0x559f610ea050 (12 bytes)
1650887274.154744 sending message 112 to peer 0x559f610ea050 (8 bytes)
1650887274.154751 sending message 112 to peer 0x559f610ea050 (8 bytes)
1650887274.154758 sending message 112 to peer 0x559f610ea050 (13 bytes)
1650887274.154766 sending message 112 to peer 0x559f610ea050 (7 bytes)
1650887274.154773 sending message 112 to peer 0x559f610ea050 (7 bytes)
1650887274.154780 sending message 112 to peer 0x559f610ea050 (9 bytes)
1650887274.154788 sending message 112 to peer 0x559f610ea050 (9 bytes)
1650887274.154795 sending message 112 to peer 0x559f610ea050 (15 bytes)
1650887274.154802 sending message 112 to peer 0x559f610ea050 (13 bytes)
1650887274.154810 sending message 112 to peer 0x559f610ea050 (12 bytes)
1650887274.154818 sending message 112 to peer 0x559f610ea050 (8 bytes)
1650887274.154826 sending message 112 to peer 0x559f610ea050 (14 bytes)
1650887274.154834 sending message 112 to peer 0x559f610ea050 (11 bytes)
1650887274.154842 sending message 112 to peer 0x559f610ea050 (9 bytes)
1650887274.154849 sending message 112 to peer 0x559f610ea050 (10 bytes)
1650887274.154857 sending message 112 to peer 0x559f610ea050 (10 bytes)
1650887274.154864 sending message 112 to peer 0x559f610ea050 (10 bytes)
1650887274.154871 sending message 112 to peer 0x559f610ea050 (10 bytes)
1650887274.154890 sending message 112 to peer 0x559f610ea050 (11 bytes)
1650887274.154898 sending message 112 to peer 0x559f610ea050 (12 bytes)
1650887274.154905 sending message 112 to peer 0x559f610ea050 (12 bytes)
1650887274.154913 sending message 112 to peer 0x559f610ea050 (12 bytes)
1650887274.154920 sending message 112 to peer 0x559f610ea050 (12 bytes)
1650887274.154928 sending message 112 to peer 0x559f610ea050 (12 bytes)
1650887274.154935 sending message 112 to peer 0x559f610ea050 (11 bytes)
1650887274.154942 sending message 112 to peer 0x559f610ea050 (11 bytes)
1650887274.154950 sending message 112 to peer 0x559f610ea050 (12 bytes)
1650887274.154957 sending message 112 to peer 0x559f610ea050 (12 bytes)
1650887274.154965 sending message 112 to peer 0x559f610ea050 (12 bytes)
1650887274.154972 sending message 112 to peer 0x559f610ea050 (12 bytes)
1650887274.154979 sending message 112 to peer 0x559f610ea050 (12 bytes)
1650887274.154987 sending message 112 to peer 0x559f610ea050 (9 bytes)
1650887274.154994 sending message 112 to peer 0x559f610ea050 (12 bytes)
1650887274.155001 sending message 112 to peer 0x559f610ea050 (13 bytes)
1650887274.155009 sending message 112 to peer 0x559f610ea050 (13 bytes)
1650887274.155016 sending message 112 to peer 0x559f610ea050 (13 bytes)
1650887274.155023 sending message 112 to peer 0x559f610ea050 (13 bytes)
1650887274.155031 sending message 112 to peer 0x559f610ea050 (13 bytes)
1650887274.155038 sending message 112 to peer 0x559f610ea050 (8 bytes)
1650887274.155045 sending message 112 to peer 0x559f610ea050 (11 bytes)
1650887274.155053 sending message 112 to peer 0x559f610ea050 (11 bytes)
1650887274.155060 sending message 112 to peer 0x559f610ea050 (11 bytes)
1650887274.155067 sending message 112 to peer 0x559f610ea050 (12 bytes)
1650887274.155074 sending message 112 to peer 0x559f610ea050 (12 bytes)
1650887274.155082 sending message 112 to peer 0x559f610ea050 (12 bytes)
1650887274.155089 sending message 112 to peer 0x559f610ea050 (12 bytes)
1650887274.155097 sending message 112 to peer 0x559f610ea050 (13 bytes)
1650887274.155104 sending message 112 to peer 0x559f610ea050 (13 bytes)
1650887274.155111 sending message 112 to peer 0x559f610ea050 (13 bytes)
1650887274.155118 sending message 112 to peer 0x559f610ea050 (8 bytes)
1650887274.155126 sending message 112 to peer 0x559f610ea050 (13 bytes)
1650887274.155133 sending message 112 to peer 0x559f610ea050 (13 bytes)
1650887274.155141 sending message 112 to peer 0x559f610ea050 (13 bytes)
1650887274.155148 sending message 112 to peer 0x559f610ea050 (13 bytes)
1650887274.155156 sending message 112 to peer 0x559f610ea050 (13 bytes)
1650887274.155163 sending message 112 to peer 0x559f610ea050 (12 bytes)
1650887274.155170 sending message 112 to peer 0x559f610ea050 (12 bytes)
1650887274.155178 sending message 112 to peer 0x559f610ea050 (12 bytes)
1650887274.155185 sending message 112 to peer 0x559f610ea050 (12 bytes)
1650887274.155192 sending message 112 to peer 0x559f610ea050 (13 bytes)
1650887274.155200 sending message 112 to peer 0x559f610ea050 (8 bytes)
1650887274.155207 sending message 112 to peer 0x559f610ea050 (13 bytes)
1650887274.155215 sending message 112 to peer 0x559f610ea050 (13 bytes)
1650887274.155222 sending message 112 to peer 0x559f610ea050 (13 bytes)
1650887274.155229 sending message 112 to peer 0x559f610ea050 (13 bytes)
1650887274.155237 sending message 112 to peer 0x559f610ea050 (13 bytes)
1650887274.155244 sending message 112 to peer 0x559f610ea050 (13 bytes)
1650887274.155252 sending message 112 to peer 0x559f610ea050 (13 bytes)
1650887274.155260 sending message 112 to peer 0x559f610ea050 (12 bytes)
1650887274.155267 sending message 112 to peer 0x559f610ea050 (12 bytes)
1650887274.155275 sending message 112 to peer 0x559f610ea050 (12 bytes)
1650887274.155282 sending message 112 to peer 0x559f610ea050 (8 bytes)
1650887274.155290 sending message 112 to peer 0x559f610ea050 (12 bytes)
1650887274.155297 sending message 112 to peer 0x559f610ea050 (13 bytes)
1650887274.155304 sending message 112 to peer 0x559f610ea050 (13 bytes)
1650887274.155318 sending message 112 to peer 0x559f610ea050 (13 bytes)
1650887274.155326 sending message 112 to peer 0x559f610ea050 (13 bytes)
1650887274.155333 sending message 112 to peer 0x559f610ea050 (13 bytes)
1650887274.155341 sending message 112 to peer 0x559f610ea050 (13 bytes)
1650887274.155348 sending message 112 to peer 0x559f610ea050 (13 bytes)
1650887274.155356 sending message 112 to peer 0x559f610ea050 (13 bytes)
1650887274.155363 sending message 112 to peer 0x559f610ea050 (12 bytes)
1650887274.155371 sending message 112 to peer 0x559f610ea050 (10 bytes)
1650887274.155378 sending message 112 to peer 0x559f610ea050 (12 bytes)
1650887274.155385 sending message 112 to peer 0x559f610ea050 (12 bytes)
1650887274.155393 sending message 112 to peer 0x559f610ea050 (12 bytes)
1650887274.155400 sending message 112 to peer 0x559f610ea050 (13 bytes)
1650887274.155407 sending message 112 to peer 0x559f610ea050 (13 bytes)
1650887274.155415 sending message 112 to peer 0x559f610ea050 (13 bytes)
1650887274.155422 sending message 112 to peer 0x559f610ea050 (13 bytes)
1650887274.155429 sending message 112 to peer 0x559f610ea050 (13 bytes)
1650887274.155437 sending message 112 to peer 0x559f610ea050 (13 bytes)
1650887274.155444 sending message 112 to peer 0x559f610ea050 (13 bytes)
1650887274.155451 sending message 112 to peer 0x559f610ea050 (10 bytes)
1650887274.155459 sending message 112 to peer 0x559f610ea050 (13 bytes)
1650887274.155466 sending message 112 to peer 0x559f610ea050 (12 bytes)
1650887274.155473 sending message 112 to peer 0x559f610ea050 (12 bytes)
1650887274.155481 sending message 112 to peer 0x559f610ea050 (12 bytes)
1650887274.155488 sending message 112 to peer 0x559f610ea050 (10 bytes)
1650887274.155495 sending message 112 to peer 0x559f610ea050 (10 bytes)
1650887274.155502 sending message 112 to peer 0x559f610ea050 (10 bytes)
1650887274.155510 sending message 112 to peer 0x559f610ea050 (12 bytes)
1650887274.155517 sending message 112 to peer 0x559f610ea050 (13 bytes)
1650887274.155524 sending message 112 to peer 0x559f610ea050 (13 bytes)
1650887274.155532 sending message 112 to peer 0x559f610ea050 (13 bytes)
1650887274.155539 sending message 112 to peer 0x559f610ea050 (13 bytes)
1650887274.155546 sending message 112 to peer 0x559f610ea050 (13 bytes)
1650887274.155553 sending message 112 to peer 0x559f610ea050 (10 bytes)
1650887274.155561 sending message 112 to peer 0x559f610ea050 (11 bytes)
1650887274.155568 sending message 112 to peer 0x559f610ea050 (12 bytes)
1650887274.155576 sending message 112 to peer 0x559f610ea050 (12 bytes)
1650887274.155583 sending message 112 to peer 0x559f610ea050 (12 bytes)
1650887274.155591 sending message 112 to peer 0x559f610ea050 (12 bytes)
1650887274.155598 sending message 112 to peer 0x559f610ea050 (12 bytes)
1650887274.155605 sending message 112 to peer 0x559f610ea050 (11 bytes)
1650887274.155613 sending message 112 to peer 0x559f610ea050 (12 bytes)
1650887274.155620 sending message 112 to peer 0x559f610ea050 (12 bytes)
1650887274.155627 sending message 112 to peer 0x559f610ea050 (13 bytes)
1650887274.155635 sending message 112 to peer 0x559f610ea050 (13 bytes)
1650887274.155642 sending message 112 to peer 0x559f610ea050 (13 bytes)
1650887274.155649 sending message 112 to peer 0x559f610ea050 (13 bytes)
1650887274.155657 sending message 112 to peer 0x559f610ea050 (13 bytes)
1650887274.155664 sending message 112 to peer 0x559f610ea050 (10 bytes)
1650887274.155671 sending message 112 to peer 0x559f610ea050 (9 bytes)
1650887274.155707 sending message 112 to peer 0x559f610ea050 (12 bytes)
1650887274.155721 sending message 112 to peer 0x559f610ea050 (13 bytes)
1650887274.155729 sending message 112 to peer 0x559f610ea050 (13 bytes)
1650887274.155736 sending message 112 to peer 0x559f610ea050 (13 bytes)
1650887274.155744 sending message 112 to peer 0x559f610ea050 (13 bytes)
1650887274.155751 sending message 112 to peer 0x559f610ea050 (13 bytes)
1650887274.155759 sending message 112 to peer 0x559f610ea050 (9 bytes)
1650887274.155766 sending message 112 to peer 0x559f610ea050 (12 bytes)
1650887274.155780 sending message 112 to peer 0x559f610ea050 (13 bytes)
1650887274.155805 sending message 112 to peer 0x559f610ea050 (13 bytes)
1650887274.155816 sending message 112 to peer 0x559f610ea050 (13 bytes)
1650887274.155826 sending message 112 to peer 0x559f610ea050 (13 bytes)
1650887274.155836 sending message 112 to peer 0x559f610ea050 (13 bytes)
1650887274.155846 sending message 112 to peer 0x559f610ea050 (11 bytes)
1650887274.155856 sending message 112 to peer 0x559f610ea050 (12 bytes)
1650887274.155867 sending message 112 to peer 0x559f610ea050 (13 bytes)
1650887274.155877 sending message 112 to peer 0x559f610ea050 (13 bytes)
1650887274.155887 sending message 112 to peer 0x559f610ea050 (13 bytes)
1650887274.155897 sending message 112 to peer 0x559f610ea050 (13 bytes)
1650887274.155907 sending message 112 to peer 0x559f610ea050 (13 bytes)
1650887274.155917 sending message 112 to peer 0x559f610ea050 (11 bytes)
1650887274.155927 sending message 112 to peer 0x559f610ea050 (12 bytes)
1650887274.155937 sending message 112 to peer 0x559f610ea050 (12 bytes)
1650887274.155947 sending message 112 to peer 0x559f610ea050 (12 bytes)
1650887274.155957 sending message 112 to peer 0x559f610ea050 (12 bytes)
1650887274.155968 sending message 112 to peer 0x559f610ea050 (12 bytes)
1650887274.155978 sending message 112 to peer 0x559f610ea050 (21 bytes)
1650887274.155989 sending message 112 to peer 0x559f610ea050 (12 bytes)
1650887274.155999 sending message 112 to peer 0x559f610ea050 (9 bytes)
1650887274.156009 sending message 112 to peer 0x559f610ea050 (6 bytes)
1650887274.156020 sending message 112 to peer 0x559f610ea050 (13 bytes)
1650887274.156030 sending message 112 to peer 0x559f610ea050 (10 bytes)
1650887274.156040 sending message 112 to peer 0x559f610ea050 (24 bytes)
1650887274.156050 sending message 112 to peer 0x559f610ea050 (13 bytes)
1650887274.156061 sending message 112 to peer 0x559f610ea050 (9 bytes)
1650887274.156071 sending message 112 to peer 0x559f610ea050 (70 bytes)
1650887274.156082 sending message 112 to peer 0x559f610ea050 (69 bytes)
1650887274.156092 sending message 112 to peer 0x559f610ea050 (12 bytes)
1650887274.156102 sending message 112 to peer 0x559f610ea050 (10 bytes)
1650887274.156113 sending message 112 to peer 0x559f610ea050 (10 bytes)
1650887274.156123 sending message 112 to peer 0x559f610ea050 (24 bytes)
1650887274.156133 sending message 112 to peer 0x559f610ea050 (13 bytes)
1650887274.156143 sending message 112 to peer 0x559f610ea050 (10 bytes)
1650887274.156153 sending message 112 to peer 0x559f610ea050 (10 bytes)
1650887274.156163 sending message 112 to peer 0x559f610ea050 (10 bytes)
1650887274.156173 sending message 112 to peer 0x559f610ea050 (13 bytes)
1650887274.156183 sending message 112 to peer 0x559f610ea050 (15 bytes)
1650887274.156193 sending message 112 to peer 0x559f610ea050 (5 bytes)
1650887274.156207 sending message 104 to peer 0x559f610ea050 (0 bytes)
1650887274.156219 sending message 110 to peer 0x559f610ea050 (0 bytes)
1650887274.156232 sending message 107 to peer 0x559f610ea050 (4 bytes)
1650887274.156242 sending message 105 to peer 0x559f610ea050 (16 bytes)
1650887274.156253 sending message 105 to peer 0x559f610ea050 (108 bytes)
1650887274.156264 sending message 105 to peer 0x559f610ea050 (19 bytes)
1650887274.156274 sending message 105 to peer 0x559f610ea050 (27 bytes)
1650887274.156285 sending message 105 to peer 0x559f610ea050 (20 bytes)
1650887274.156295 sending message 105 to peer 0x559f610ea050 (45 bytes)
1650887274.156305 sending message 105 to peer 0x559f610ea050 (23 bytes)
1650887274.156316 sending message 105 to peer 0x559f610ea050 (30 bytes)
1650887274.156326 sending message 105 to peer 0x559f610ea050 (44 bytes)
1650887274.156336 sending message 105 to peer 0x559f610ea050 (23 bytes)
1650887274.156346 sending message 105 to peer 0x559f610ea050 (35 bytes)
1650887274.156357 sending message 105 to peer 0x559f610ea050 (32 bytes)
1650887274.156367 sending message 105 to peer 0x559f610ea050 (41 bytes)
1650887274.156377 sending message 105 to peer 0x559f610ea050 (35 bytes)
1650887274.156392 sending message 105 to peer 0x559f610ea050 (53 bytes)
1650887274.156403 sending message 105 to peer 0x559f610ea050 (20 bytes)
1650887274.156413 sending message 105 to peer 0x559f610ea050 (23 bytes)
1650887274.156423 sending message 105 to peer 0x559f610ea050 (19 bytes)
1650887274.156434 sending message 105 to peer 0x559f610ea050 (11 bytes)
1650887274.156444 sending message 105 to peer 0x559f610ea050 (28 bytes)
1650887274.156455 sending message 105 to peer 0x559f610ea050 (36 bytes)
1650887274.156465 sending message 105 to peer 0x559f610ea050 (27 bytes)
1650887274.156476 sending message 105 to peer 0x559f610ea050 (15 bytes)
1650887274.156486 sending message 105 to peer 0x559f610ea050 (21 bytes)
1650887274.156497 sending message 105 to peer 0x559f610ea050 (15 bytes)
1650887274.156507 sending message 105 to peer 0x559f610ea050 (52 bytes)
1650887274.156518 sending message 105 to peer 0x559f610ea050 (41 bytes)
1650887274.156528 sending message 105 to peer 0x559f610ea050 (21 bytes)
1650887274.156538 sending message 105 to peer 0x559f610ea050 (33 bytes)
1650887274.156548 sending message 105 to peer 0x559f610ea050 (13 bytes)
1650887274.156558 sending message 105 to peer 0x559f610ea050 (18 bytes)
1650887274.156568 sending message 105 to peer 0x559f610ea050 (16 bytes)
1650887274.156578 sending message 105 to peer 0x559f610ea050 (18 bytes)
1650887274.156589 sending message 105 to peer 0x559f610ea050 (17 bytes)
1650887274.156600 sending message 105 to peer 0x559f610ea050 (1506 bytes)
1650887274.156623 sending message 105 to peer 0x559f610ea050 (33 bytes)
1650887274.156635 sending message 105 to peer 0x559f610ea050 (51 bytes)
1650887274.156645 sending message 105 to peer 0x559f610ea050 (17 bytes)
1650887274.156655 sending message 105 to peer 0x559f610ea050 (15 bytes)
1650887274.156666 sending message 105 to peer 0x559f610ea050 (15 bytes)
1650887274.156676 sending message 105 to peer 0x559f610ea050 (86 bytes)
1650887274.156686 sending message 105 to peer 0x559f610ea050 (47 bytes)
1650887274.156697 sending message 105 to peer 0x559f610ea050 (16 bytes)
1650887274.156707 sending message 105 to peer 0x559f610ea050 (24 bytes)
1650887274.156717 sending message 105 to peer 0x559f610ea050 (34 bytes)
1650887274.156727 sending message 105 to peer 0x559f610ea050 (23 bytes)
1650887274.156737 sending message 105 to peer 0x559f610ea050 (20 bytes)
1650887274.156747 sending message 105 to peer 0x559f610ea050 (32 bytes)
1650887274.156757 sending message 105 to peer 0x559f610ea050 (35 bytes)
1650887274.156767 sending message 105 to peer 0x559f610ea050 (12 bytes)
1650887274.156778 sending message 105 to peer 0x559f610ea050 (13 bytes)
1650887274.156789 sending message 105 to peer 0x559f610ea050 (25 bytes)
1650887274.156799 sending message 105 to peer 0x559f610ea050 (47 bytes)
1650887274.156810 sending message 105 to peer 0x559f610ea050 (29 bytes)
1650887274.156820 sending message 105 to peer 0x559f610ea050 (11 bytes)
1650887274.156831 sending message 105 to peer 0x559f610ea050 (21 bytes)
1650887274.156841 sending message 105 to peer 0x559f610ea050 (11 bytes)
1650887274.156852 sending message 105 to peer 0x559f610ea050 (8 bytes)
1650887274.156862 sending message 105 to peer 0x559f610ea050 (11 bytes)
1650887274.156873 sending message 105 to peer 0x559f610ea050 (18 bytes)
1650887274.156883 sending message 105 to peer 0x559f610ea050 (19 bytes)
1650887274.156893 sending message 105 to peer 0x559f610ea050 (19 bytes)
1650887274.156903 sending message 105 to peer 0x559f610ea050 (31 bytes)
1650887274.156914 sending message 105 to peer 0x559f610ea050 (20 bytes)
1650887274.156924 sending message 105 to peer 0x559f610ea050 (20 bytes)
1650887274.156934 sending message 105 to peer 0x559f610ea050 (20 bytes)
1650887274.156944 sending message 105 to peer 0x559f610ea050 (29 bytes)
1650887274.156954 sending message 105 to peer 0x559f610ea050 (23 bytes)
1650887274.156984 sending message 105 to peer 0x559f610ea050 (85 bytes)
1650887274.156999 sending message 105 to peer 0x559f610ea050 (176 bytes)
1650887274.157025 sending message 105 to peer 0x559f610ea050 (18 bytes)
1650887274.157036 sending message 105 to peer 0x559f610ea050 (54 bytes)
1650887274.157047 sending message 105 to peer 0x559f610ea050 (22 bytes)
1650887274.157057 sending message 105 to peer 0x559f610ea050 (25 bytes)
1650887274.157067 sending message 105 to peer 0x559f610ea050 (18 bytes)
1650887274.157079 sending message 105 to peer 0x559f610ea050 (22 bytes)
1650887274.157089 sending message 105 to peer 0x559f610ea050 (57 bytes)
1650887274.157100 sending message 105 to peer 0x559f610ea050 (18 bytes)
1650887274.157110 sending message 105 to peer 0x559f610ea050 (22 bytes)
1650887274.157120 sending message 106 to peer 0x559f610ea050 (0 bytes)
1650887274.157156 sending message 200 to peer 0x559f610ea050 (4 bytes)
1650887274.157168 client loop enter
1650887274.158487 peer 0x559f610ea050 message 303
1650887274.158514 open write file 2 -
1650887274.158541 sending message 305 to peer 0x559f610ea050 (8 bytes)
1650887274.158567 write check file 2
1650887274.159009 peer 0x559f610ea050 message 304
1650887274.159037 write 58 to file 2
1650887274.159053 peer 0x559f610ea050 message 203
1650887274.159064 file 2 58 bytes left
1650887274.159111 write check file 2
1650887274.159129 client loop exit
