1655577444.635782 client started (3471819): version 3.3a, socket /tmp/tmux-1000/default, protocol 8
1655577444.635905 on Linux 5.4.0-117-generic #132-Ubuntu SMP Thu Jun 2 00:39:06 UTC 2022
1655577444.635922 using libevent 2.1.11-stable (poll); ncurses 6.2
1655577444.636000 flags are 0x10010000
1655577444.636016 socket is /tmp/tmux-1000/default
1655577444.636042 trying connect
1655577444.636274 add peer 0x563cefd50f80: 6 ((nil))
1655577444.637178 sending message 100 to peer 0x563cefd50f80 (4 bytes)
1655577444.637204 sending message 111 to peer 0x563cefd50f80 (8 bytes)
1655577444.637217 sending message 101 to peer 0x563cefd50f80 (15 bytes)
1655577444.637228 sending message 109 to peer 0x563cefd50f80 (4 bytes)
1655577444.637240 sending message 102 to peer 0x563cefd50f80 (12 bytes)
1655577444.637251 sending message 108 to peer 0x563cefd50f80 (36 bytes)
1655577444.637262 sending message 112 to peer 0x563cefd50f80 (58 bytes)
1655577444.637274 sending message 112 to peer 0x563cefd50f80 (5 bytes)
1655577444.637285 sending message 112 to peer 0x563cefd50f80 (5 bytes)
1655577444.637296 sending message 112 to peer 0x563cefd50f80 (6 bytes)
1655577444.637307 sending message 112 to peer 0x563cefd50f80 (6 bytes)
1655577444.637318 sending message 112 to peer 0x563cefd50f80 (11 bytes)
1655577444.637329 sending message 112 to peer 0x563cefd50f80 (10 bytes)
1655577444.637339 sending message 112 to peer 0x563cefd50f80 (13 bytes)
1655577444.637350 sending message 112 to peer 0x563cefd50f80 (14 bytes)
1655577444.637361 sending message 112 to peer 0x563cefd50f80 (19 bytes)
1655577444.637371 sending message 112 to peer 0x563cefd50f80 (11 bytes)
1655577444.637382 sending message 112 to peer 0x563cefd50f80 (10 bytes)
1655577444.637393 sending message 112 to peer 0x563cefd50f80 (15 bytes)
1655577444.637404 sending message 112 to peer 0x563cefd50f80 (21 bytes)
1655577444.637414 sending message 112 to peer 0x563cefd50f80 (13 bytes)
1655577444.637425 sending message 112 to peer 0x563cefd50f80 (7 bytes)
1655577444.637437 sending message 112 to peer 0x563cefd50f80 (13 bytes)
1655577444.637448 sending message 112 to peer 0x563cefd50f80 (7 bytes)
1655577444.637459 sending message 112 to peer 0x563cefd50f80 (13 bytes)
1655577444.637469 sending message 112 to peer 0x563cefd50f80 (9 bytes)
1655577444.637480 sending message 112 to peer 0x563cefd50f80 (21 bytes)
1655577444.637491 sending message 112 to peer 0x563cefd50f80 (13 bytes)
1655577444.637501 sending message 112 to peer 0x563cefd50f80 (9 bytes)
1655577444.637512 sending message 112 to peer 0x563cefd50f80 (16 bytes)
1655577444.637523 sending message 112 to peer 0x563cefd50f80 (13 bytes)
1655577444.637534 sending message 112 to peer 0x563cefd50f80 (9 bytes)
1655577444.637545 sending message 112 to peer 0x563cefd50f80 (9 bytes)
1655577444.637555 sending message 112 to peer 0x563cefd50f80 (12 bytes)
1655577444.637566 sending message 112 to peer 0x563cefd50f80 (8 bytes)
1655577444.637577 sending message 112 to peer 0x563cefd50f80 (8 bytes)
1655577444.637587 sending message 112 to peer 0x563cefd50f80 (13 bytes)
1655577444.637598 sending message 112 to peer 0x563cefd50f80 (7 bytes)
1655577444.637609 sending message 112 to peer 0x563cefd50f80 (7 bytes)
1655577444.637620 sending message 112 to peer 0x563cefd50f80 (9 bytes)
1655577444.637630 sending message 112 to peer 0x563cefd50f80 (9 bytes)
1655577444.637641 sending message 112 to peer 0x563cefd50f80 (15 bytes)
1655577444.637652 sending message 112 to peer 0x563cefd50f80 (13 bytes)
1655577444.637663 sending message 112 to peer 0x563cefd50f80 (12 bytes)
1655577444.637674 sending message 112 to peer 0x563cefd50f80 (8 bytes)
1655577444.637686 sending message 112 to peer 0x563cefd50f80 (14 bytes)
1655577444.637697 sending message 112 to peer 0x563cefd50f80 (11 bytes)
1655577444.637708 sending message 112 to peer 0x563cefd50f80 (9 bytes)
1655577444.637719 sending message 112 to peer 0x563cefd50f80 (10 bytes)
1655577444.637730 sending message 112 to peer 0x563cefd50f80 (10 bytes)
1655577444.637741 sending message 112 to peer 0x563cefd50f80 (10 bytes)
1655577444.637751 sending message 112 to peer 0x563cefd50f80 (10 bytes)
1655577444.637781 sending message 112 to peer 0x563cefd50f80 (11 bytes)
1655577444.637792 sending message 112 to peer 0x563cefd50f80 (12 bytes)
1655577444.637803 sending message 112 to peer 0x563cefd50f80 (12 bytes)
1655577444.637814 sending message 112 to peer 0x563cefd50f80 (12 bytes)
1655577444.637824 sending message 112 to peer 0x563cefd50f80 (12 bytes)
1655577444.637835 sending message 112 to peer 0x563cefd50f80 (12 bytes)
1655577444.637846 sending message 112 to peer 0x563cefd50f80 (11 bytes)
1655577444.637857 sending message 112 to peer 0x563cefd50f80 (11 bytes)
1655577444.637867 sending message 112 to peer 0x563cefd50f80 (12 bytes)
1655577444.637878 sending message 112 to peer 0x563cefd50f80 (12 bytes)
1655577444.637889 sending message 112 to peer 0x563cefd50f80 (12 bytes)
1655577444.637899 sending message 112 to peer 0x563cefd50f80 (12 bytes)
1655577444.637910 sending message 112 to peer 0x563cefd50f80 (12 bytes)
1655577444.637921 sending message 112 to peer 0x563cefd50f80 (9 bytes)
1655577444.637931 sending message 112 to peer 0x563cefd50f80 (12 bytes)
1655577444.637942 sending message 112 to peer 0x563cefd50f80 (13 bytes)
1655577444.637952 sending message 112 to peer 0x563cefd50f80 (13 bytes)
1655577444.637963 sending message 112 to peer 0x563cefd50f80 (13 bytes)
1655577444.637974 sending message 112 to peer 0x563cefd50f80 (13 bytes)
1655577444.637984 sending message 112 to peer 0x563cefd50f80 (13 bytes)
1655577444.637995 sending message 112 to peer 0x563cefd50f80 (8 bytes)
1655577444.638005 sending message 112 to peer 0x563cefd50f80 (11 bytes)
1655577444.638016 sending message 112 to peer 0x563cefd50f80 (11 bytes)
1655577444.638026 sending message 112 to peer 0x563cefd50f80 (11 bytes)
1655577444.638037 sending message 112 to peer 0x563cefd50f80 (12 bytes)
1655577444.638048 sending message 112 to peer 0x563cefd50f80 (12 bytes)
1655577444.638058 sending message 112 to peer 0x563cefd50f80 (12 bytes)
1655577444.638069 sending message 112 to peer 0x563cefd50f80 (12 bytes)
1655577444.638079 sending message 112 to peer 0x563cefd50f80 (13 bytes)
1655577444.638090 sending message 112 to peer 0x563cefd50f80 (13 bytes)
1655577444.638100 sending message 112 to peer 0x563cefd50f80 (13 bytes)
1655577444.638111 sending message 112 to peer 0x563cefd50f80 (8 bytes)
1655577444.638122 sending message 112 to peer 0x563cefd50f80 (13 bytes)
1655577444.638133 sending message 112 to peer 0x563cefd50f80 (13 bytes)
1655577444.638143 sending message 112 to peer 0x563cefd50f80 (13 bytes)
1655577444.638154 sending message 112 to peer 0x563cefd50f80 (13 bytes)
1655577444.638165 sending message 112 to peer 0x563cefd50f80 (13 bytes)
1655577444.638176 sending message 112 to peer 0x563cefd50f80 (12 bytes)
1655577444.638186 sending message 112 to peer 0x563cefd50f80 (12 bytes)
1655577444.638197 sending message 112 to peer 0x563cefd50f80 (12 bytes)
1655577444.638208 sending message 112 to peer 0x563cefd50f80 (12 bytes)
1655577444.638218 sending message 112 to peer 0x563cefd50f80 (13 bytes)
1655577444.638229 sending message 112 to peer 0x563cefd50f80 (8 bytes)
1655577444.638240 sending message 112 to peer 0x563cefd50f80 (13 bytes)
1655577444.638250 sending message 112 to peer 0x563cefd50f80 (13 bytes)
1655577444.638261 sending message 112 to peer 0x563cefd50f80 (13 bytes)
1655577444.638272 sending message 112 to peer 0x563cefd50f80 (13 bytes)
1655577444.638282 sending message 112 to peer 0x563cefd50f80 (13 bytes)
1655577444.638293 sending message 112 to peer 0x563cefd50f80 (13 bytes)
1655577444.638304 sending message 112 to peer 0x563cefd50f80 (13 bytes)
1655577444.638316 sending message 112 to peer 0x563cefd50f80 (12 bytes)
1655577444.638326 sending message 112 to peer 0x563cefd50f80 (12 bytes)
1655577444.638337 sending message 112 to peer 0x563cefd50f80 (12 bytes)
1655577444.638348 sending message 112 to peer 0x563cefd50f80 (8 bytes)
1655577444.638358 sending message 112 to peer 0x563cefd50f80 (12 bytes)
1655577444.638369 sending message 112 to peer 0x563cefd50f80 (13 bytes)
1655577444.638379 sending message 112 to peer 0x563cefd50f80 (13 bytes)
1655577444.638399 sending message 112 to peer 0x563cefd50f80 (13 bytes)
1655577444.638410 sending message 112 to peer 0x563cefd50f80 (13 bytes)
1655577444.638421 sending message 112 to peer 0x563cefd50f80 (13 bytes)
1655577444.638438 sending message 112 to peer 0x563cefd50f80 (13 bytes)
1655577444.638455 sending message 112 to peer 0x563cefd50f80 (13 bytes)
1655577444.638472 sending message 112 to peer 0x563cefd50f80 (13 bytes)
1655577444.638489 sending message 112 to peer 0x563cefd50f80 (12 bytes)
1655577444.638506 sending message 112 to peer 0x563cefd50f80 (10 bytes)
1655577444.638524 sending message 112 to peer 0x563cefd50f80 (12 bytes)
1655577444.638541 sending message 112 to peer 0x563cefd50f80 (12 bytes)
1655577444.638559 sending message 112 to peer 0x563cefd50f80 (12 bytes)
1655577444.638576 sending message 112 to peer 0x563cefd50f80 (13 bytes)
1655577444.638587 sending message 112 to peer 0x563cefd50f80 (13 bytes)
1655577444.638598 sending message 112 to peer 0x563cefd50f80 (13 bytes)
1655577444.638608 sending message 112 to peer 0x563cefd50f80 (13 bytes)
1655577444.638619 sending message 112 to peer 0x563cefd50f80 (13 bytes)
1655577444.638629 sending message 112 to peer 0x563cefd50f80 (13 bytes)
1655577444.638640 sending message 112 to peer 0x563cefd50f80 (13 bytes)
1655577444.638651 sending message 112 to peer 0x563cefd50f80 (10 bytes)
1655577444.638661 sending message 112 to peer 0x563cefd50f80 (13 bytes)
1655577444.638672 sending message 112 to peer 0x563cefd50f80 (12 bytes)
1655577444.638683 sending message 112 to peer 0x563cefd50f80 (12 bytes)
1655577444.638693 sending message 112 to peer 0x563cefd50f80 (12 bytes)
1655577444.638704 sending message 112 to peer 0x563cefd50f80 (10 bytes)
1655577444.638715 sending message 112 to peer 0x563cefd50f80 (10 bytes)
1655577444.638725 sending message 112 to peer 0x563cefd50f80 (10 bytes)
1655577444.638736 sending message 112 to peer 0x563cefd50f80 (12 bytes)
1655577444.638746 sending message 112 to peer 0x563cefd50f80 (13 bytes)
1655577444.638757 sending message 112 to peer 0x563cefd50f80 (13 bytes)
1655577444.638768 sending message 112 to peer 0x563cefd50f80 (13 bytes)
1655577444.638778 sending message 112 to peer 0x563cefd50f80 (13 bytes)
1655577444.638789 sending message 112 to peer 0x563cefd50f80 (13 bytes)
1655577444.638799 sending message 112 to peer 0x563cefd50f80 (10 bytes)
1655577444.638810 sending message 112 to peer 0x563cefd50f80 (11 bytes)
1655577444.638821 sending message 112 to peer 0x563cefd50f80 (12 bytes)
1655577444.638832 sending message 112 to peer 0x563cefd50f80 (12 bytes)
1655577444.638842 sending message 112 to peer 0x563cefd50f80 (12 bytes)
1655577444.638853 sending message 112 to peer 0x563cefd50f80 (12 bytes)
1655577444.638864 sending message 112 to peer 0x563cefd50f80 (12 bytes)
1655577444.638875 sending message 112 to peer 0x563cefd50f80 (11 bytes)
1655577444.638885 sending message 112 to peer 0x563cefd50f80 (12 bytes)
1655577444.638896 sending message 112 to peer 0x563cefd50f80 (12 bytes)
1655577444.638907 sending message 112 to peer 0x563cefd50f80 (13 bytes)
1655577444.638917 sending message 112 to peer 0x563cefd50f80 (13 bytes)
1655577444.638928 sending message 112 to peer 0x563cefd50f80 (13 bytes)
1655577444.638939 sending message 112 to peer 0x563cefd50f80 (13 bytes)
1655577444.638949 sending message 112 to peer 0x563cefd50f80 (13 bytes)
1655577444.638960 sending message 112 to peer 0x563cefd50f80 (10 bytes)
1655577444.638971 sending message 112 to peer 0x563cefd50f80 (9 bytes)
1655577444.639017 sending message 112 to peer 0x563cefd50f80 (12 bytes)
1655577444.639036 sending message 112 to peer 0x563cefd50f80 (13 bytes)
1655577444.639047 sending message 112 to peer 0x563cefd50f80 (13 bytes)
1655577444.639058 sending message 112 to peer 0x563cefd50f80 (13 bytes)
1655577444.639069 sending message 112 to peer 0x563cefd50f80 (13 bytes)
1655577444.639080 sending message 112 to peer 0x563cefd50f80 (13 bytes)
1655577444.639090 sending message 112 to peer 0x563cefd50f80 (9 bytes)
1655577444.639101 sending message 112 to peer 0x563cefd50f80 (12 bytes)
1655577444.639123 sending message 112 to peer 0x563cefd50f80 (13 bytes)
1655577444.639135 sending message 112 to peer 0x563cefd50f80 (13 bytes)
1655577444.639146 sending message 112 to peer 0x563cefd50f80 (13 bytes)
1655577444.639156 sending message 112 to peer 0x563cefd50f80 (13 bytes)
1655577444.639167 sending message 112 to peer 0x563cefd50f80 (13 bytes)
1655577444.639178 sending message 112 to peer 0x563cefd50f80 (11 bytes)
1655577444.639189 sending message 112 to peer 0x563cefd50f80 (12 bytes)
1655577444.639199 sending message 112 to peer 0x563cefd50f80 (13 bytes)
1655577444.639210 sending message 112 to peer 0x563cefd50f80 (13 bytes)
1655577444.639221 sending message 112 to peer 0x563cefd50f80 (13 bytes)
1655577444.639232 sending message 112 to peer 0x563cefd50f80 (13 bytes)
1655577444.639242 sending message 112 to peer 0x563cefd50f80 (13 bytes)
1655577444.639253 sending message 112 to peer 0x563cefd50f80 (11 bytes)
1655577444.639264 sending message 112 to peer 0x563cefd50f80 (12 bytes)
1655577444.639274 sending message 112 to peer 0x563cefd50f80 (12 bytes)
1655577444.639285 sending message 112 to peer 0x563cefd50f80 (12 bytes)
1655577444.639296 sending message 112 to peer 0x563cefd50f80 (12 bytes)
1655577444.639307 sending message 112 to peer 0x563cefd50f80 (12 bytes)
1655577444.639318 sending message 112 to peer 0x563cefd50f80 (21 bytes)
1655577444.639329 sending message 112 to peer 0x563cefd50f80 (12 bytes)
1655577444.639340 sending message 112 to peer 0x563cefd50f80 (9 bytes)
1655577444.639350 sending message 112 to peer 0x563cefd50f80 (6 bytes)
1655577444.639361 sending message 112 to peer 0x563cefd50f80 (13 bytes)
1655577444.639372 sending message 112 to peer 0x563cefd50f80 (10 bytes)
1655577444.639383 sending message 112 to peer 0x563cefd50f80 (24 bytes)
1655577444.639394 sending message 112 to peer 0x563cefd50f80 (13 bytes)
1655577444.639404 sending message 112 to peer 0x563cefd50f80 (9 bytes)
1655577444.639415 sending message 112 to peer 0x563cefd50f80 (70 bytes)
1655577444.639426 sending message 112 to peer 0x563cefd50f80 (69 bytes)
1655577444.639437 sending message 112 to peer 0x563cefd50f80 (12 bytes)
1655577444.639448 sending message 112 to peer 0x563cefd50f80 (10 bytes)
1655577444.639458 sending message 112 to peer 0x563cefd50f80 (10 bytes)
1655577444.639469 sending message 112 to peer 0x563cefd50f80 (24 bytes)
1655577444.639480 sending message 112 to peer 0x563cefd50f80 (13 bytes)
1655577444.639490 sending message 112 to peer 0x563cefd50f80 (10 bytes)
1655577444.639501 sending message 112 to peer 0x563cefd50f80 (10 bytes)
1655577444.639512 sending message 112 to peer 0x563cefd50f80 (10 bytes)
1655577444.639522 sending message 112 to peer 0x563cefd50f80 (13 bytes)
1655577444.639533 sending message 112 to peer 0x563cefd50f80 (15 bytes)
1655577444.639544 sending message 112 to peer 0x563cefd50f80 (5 bytes)
1655577444.639558 sending message 104 to peer 0x563cefd50f80 (0 bytes)
1655577444.639571 sending message 110 to peer 0x563cefd50f80 (0 bytes)
1655577444.639584 sending message 107 to peer 0x563cefd50f80 (4 bytes)
1655577444.639595 sending message 105 to peer 0x563cefd50f80 (16 bytes)
1655577444.639606 sending message 105 to peer 0x563cefd50f80 (108 bytes)
1655577444.639618 sending message 105 to peer 0x563cefd50f80 (19 bytes)
1655577444.639628 sending message 105 to peer 0x563cefd50f80 (20 bytes)
1655577444.639639 sending message 105 to peer 0x563cefd50f80 (45 bytes)
1655577444.639650 sending message 105 to peer 0x563cefd50f80 (23 bytes)
1655577444.639660 sending message 105 to peer 0x563cefd50f80 (26 bytes)
1655577444.639671 sending message 105 to peer 0x563cefd50f80 (44 bytes)
1655577444.639682 sending message 105 to peer 0x563cefd50f80 (23 bytes)
1655577444.639693 sending message 105 to peer 0x563cefd50f80 (35 bytes)
1655577444.639703 sending message 105 to peer 0x563cefd50f80 (24 bytes)
1655577444.639714 sending message 105 to peer 0x563cefd50f80 (23 bytes)
1655577444.639725 sending message 105 to peer 0x563cefd50f80 (32 bytes)
1655577444.639736 sending message 105 to peer 0x563cefd50f80 (20 bytes)
1655577444.639755 sending message 105 to peer 0x563cefd50f80 (41 bytes)
1655577444.639766 sending message 105 to peer 0x563cefd50f80 (35 bytes)
1655577444.639777 sending message 105 to peer 0x563cefd50f80 (51 bytes)
1655577444.639788 sending message 105 to peer 0x563cefd50f80 (20 bytes)
1655577444.639798 sending message 105 to peer 0x563cefd50f80 (23 bytes)
1655577444.639809 sending message 105 to peer 0x563cefd50f80 (24 bytes)
1655577444.639820 sending message 105 to peer 0x563cefd50f80 (19 bytes)
1655577444.639831 sending message 105 to peer 0x563cefd50f80 (11 bytes)
1655577444.639841 sending message 105 to peer 0x563cefd50f80 (28 bytes)
1655577444.639852 sending message 105 to peer 0x563cefd50f80 (40 bytes)
1655577444.639864 sending message 105 to peer 0x563cefd50f80 (27 bytes)
1655577444.639875 sending message 105 to peer 0x563cefd50f80 (13 bytes)
1655577444.639885 sending message 105 to peer 0x563cefd50f80 (21 bytes)
1655577444.639896 sending message 105 to peer 0x563cefd50f80 (52 bytes)
1655577444.639907 sending message 105 to peer 0x563cefd50f80 (41 bytes)
1655577444.639918 sending message 105 to peer 0x563cefd50f80 (13 bytes)
1655577444.639928 sending message 105 to peer 0x563cefd50f80 (16 bytes)
1655577444.639939 sending message 105 to peer 0x563cefd50f80 (14 bytes)
1655577444.639949 sending message 105 to peer 0x563cefd50f80 (18 bytes)
1655577444.639960 sending message 105 to peer 0x563cefd50f80 (21 bytes)
1655577444.640000 sending message 105 to peer 0x563cefd50f80 (17 bytes)
1655577444.640017 sending message 105 to peer 0x563cefd50f80 (1506 bytes)
1655577444.640042 sending message 105 to peer 0x563cefd50f80 (33 bytes)
1655577444.640053 sending message 105 to peer 0x563cefd50f80 (49 bytes)
1655577444.640064 sending message 105 to peer 0x563cefd50f80 (17 bytes)
1655577444.640075 sending message 105 to peer 0x563cefd50f80 (86 bytes)
1655577444.640086 sending message 105 to peer 0x563cefd50f80 (47 bytes)
1655577444.640097 sending message 105 to peer 0x563cefd50f80 (16 bytes)
1655577444.640108 sending message 105 to peer 0x563cefd50f80 (34 bytes)
1655577444.640118 sending message 105 to peer 0x563cefd50f80 (23 bytes)
1655577444.640129 sending message 105 to peer 0x563cefd50f80 (20 bytes)
1655577444.640139 sending message 105 to peer 0x563cefd50f80 (30 bytes)
1655577444.640150 sending message 105 to peer 0x563cefd50f80 (32 bytes)
1655577444.640161 sending message 105 to peer 0x563cefd50f80 (35 bytes)
1655577444.640172 sending message 105 to peer 0x563cefd50f80 (10 bytes)
1655577444.640182 sending message 105 to peer 0x563cefd50f80 (14 bytes)
1655577444.640193 sending message 105 to peer 0x563cefd50f80 (47 bytes)
1655577444.640205 sending message 105 to peer 0x563cefd50f80 (29 bytes)
1655577444.640216 sending message 105 to peer 0x563cefd50f80 (11 bytes)
1655577444.640226 sending message 105 to peer 0x563cefd50f80 (11 bytes)
1655577444.640238 sending message 105 to peer 0x563cefd50f80 (8 bytes)
1655577444.640249 sending message 105 to peer 0x563cefd50f80 (11 bytes)
1655577444.640260 sending message 105 to peer 0x563cefd50f80 (25 bytes)
1655577444.640271 sending message 105 to peer 0x563cefd50f80 (18 bytes)
1655577444.640282 sending message 105 to peer 0x563cefd50f80 (27 bytes)
1655577444.640292 sending message 105 to peer 0x563cefd50f80 (19 bytes)
1655577444.640303 sending message 105 to peer 0x563cefd50f80 (19 bytes)
1655577444.640314 sending message 105 to peer 0x563cefd50f80 (13 bytes)
1655577444.640325 sending message 105 to peer 0x563cefd50f80 (31 bytes)
1655577444.640335 sending message 105 to peer 0x563cefd50f80 (20 bytes)
1655577444.640346 sending message 105 to peer 0x563cefd50f80 (20 bytes)
1655577444.640356 sending message 105 to peer 0x563cefd50f80 (20 bytes)
1655577444.640367 sending message 105 to peer 0x563cefd50f80 (20 bytes)
1655577444.640378 sending message 105 to peer 0x563cefd50f80 (23 bytes)
1655577444.640389 sending message 105 to peer 0x563cefd50f80 (85 bytes)
1655577444.640401 sending message 105 to peer 0x563cefd50f80 (210 bytes)
1655577444.640429 sending message 105 to peer 0x563cefd50f80 (18 bytes)
1655577444.640441 sending message 105 to peer 0x563cefd50f80 (54 bytes)
1655577444.640452 sending message 105 to peer 0x563cefd50f80 (25 bytes)
1655577444.640463 sending message 105 to peer 0x563cefd50f80 (23 bytes)
1655577444.640475 sending message 105 to peer 0x563cefd50f80 (18 bytes)
1655577444.640486 sending message 105 to peer 0x563cefd50f80 (22 bytes)
1655577444.640498 sending message 106 to peer 0x563cefd50f80 (0 bytes)
1655577444.640676 sending message 200 to peer 0x563cefd50f80 (4 bytes)
1655577444.640700 client loop enter
1655577444.642109 peer 0x563cefd50f80 message 303
1655577444.642134 open write file 2 -
1655577444.642161 sending message 305 to peer 0x563cefd50f80 (8 bytes)
1655577444.642213 write check file 2
1655577444.642585 peer 0x563cefd50f80 message 304
1655577444.642606 write 58 to file 2
1655577444.642620 peer 0x563cefd50f80 message 203
1655577444.642631 file 2 58 bytes left
1655577444.642672 write check file 2
1655577444.642684 client loop exit
